<?xml version="1.0" encoding="UTF-8"?>
<testsuites name="jest tests" tests="33" failures="0" errors="0" time="6.606">
  <testsuite name="src/stores/delivery/DeliveryStore.test.js" errors="0" failures="0" skipped="0" timestamp="2022-02-28T07:48:18" time="1.164" tests="3">
    <testcase classname="DeliveryStore - should change value of DeliveryStore when setDelivery is called" name="DeliveryStore - should change value of DeliveryStore when setDelivery is called" time="0.013">
    </testcase>
    <testcase classname="DeliveryStore - should change value of DeliveryStore when deliveryEffect is called" name="DeliveryStore - should change value of DeliveryStore when deliveryEffect is called" time="0.006">
    </testcase>
    <testcase classname="DeliveryStore - should change value of DeliveryStore when putDeliveryEffect is called" name="DeliveryStore - should change value of DeliveryStore when putDeliveryEffect is called" time="0.002">
    </testcase>
  </testsuite>
  <testsuite name="src/stores/deliveries/DeliveriesStore.test.js" errors="0" failures="0" skipped="0" timestamp="2022-02-28T07:48:19" time="0.19" tests="2">
    <testcase classname="DeliveriesStore - should change value of DeliveriesStore when setDeliveries is called" name="DeliveriesStore - should change value of DeliveriesStore when setDeliveries is called" time="0.002">
    </testcase>
    <testcase classname="DeliveriesStore - should change value of DeliveriesStore when deliveriesEffect is called" name="DeliveriesStore - should change value of DeliveriesStore when deliveriesEffect is called" time="0.003">
    </testcase>
  </testsuite>
  <testsuite name="src/services/deliveries/DeliveriesService.test.js" errors="0" failures="0" skipped="0" timestamp="2022-02-28T07:48:19" time="0.242" tests="6">
    <testcase classname="getAllDeliveries - should return a delivery list with success when getAll" name="getAllDeliveries - should return a delivery list with success when getAll" time="0.003">
    </testcase>
    <testcase classname="getAllDeliveries - should throw error when the server request has a error" name="getAllDeliveries - should throw error when the server request has a error" time="0.056">
    </testcase>
    <testcase classname="getDeliveryById - should return a delivery with success when getDeliveryById" name="getDeliveryById - should return a delivery with success when getDeliveryById" time="0.001">
    </testcase>
    <testcase classname="getDeliveryById - should throw error when the server request has a error" name="getDeliveryById - should throw error when the server request has a error" time="0.002">
    </testcase>
    <testcase classname="putDelivery - should update a delivery with success when putDelivery" name="putDelivery - should update a delivery with success when putDelivery" time="0.002">
    </testcase>
    <testcase classname="putDelivery - should throw error when the server request has a error" name="putDelivery - should throw error when the server request has a error" time="0.002">
    </testcase>
  </testsuite>
  <testsuite name="src/stores/activeProps/ActiveStore.test.js" errors="0" failures="0" skipped="0" timestamp="2022-02-28T07:48:20" time="0.161" tests="1">
    <testcase classname="ActivePropsStore - should change value of DeliveriesStore when setDeliveries is called" name="ActivePropsStore - should change value of DeliveriesStore when setDeliveries is called" time="0.001">
    </testcase>
  </testsuite>
  <testsuite name="src/pages/delivery/tests/DeliveryView.test.js" errors="0" failures="0" skipped="0" timestamp="2022-02-28T07:48:18" time="2.06" tests="6">
    <testcase classname="DeliveryView - should render the delivered/undelivered buttons when activeProps idActive is equal paramId, and activeProps is true" name="DeliveryView - should render the delivered/undelivered buttons when activeProps idActive is equal paramId, and activeProps is true" time="0.021">
    </testcase>
    <testcase classname="DeliveryView - should call the set delivered function when the Delivered button was clicked" name="DeliveryView - should call the set delivered function when the Delivered button was clicked" time="0.004">
    </testcase>
    <testcase classname="DeliveryView - should call the set unDelivered function when the Undelivered button was clicked" name="DeliveryView - should call the set unDelivered function when the Undelivered button was clicked" time="0.003">
    </testcase>
    <testcase classname="DeliveryView - should render the setActive button disabled and the feedback text when activeProps idActive is different from paramId, and activeProps is true" name="DeliveryView - should render the setActive button disabled and the feedback text when activeProps idActive is different from paramId, and activeProps is true" time="0.03">
    </testcase>
    <testcase classname="DeliveryView - should render the setActive button when activeProps idActive is different from paramId, and activeProps is true" name="DeliveryView - should render the setActive button when activeProps idActive is different from paramId, and activeProps is true" time="0.023">
    </testcase>
    <testcase classname="DeliveryView - should render the coords when delivery status different of idle" name="DeliveryView - should render the coords when delivery status different of idle" time="0.003">
    </testcase>
  </testsuite>
  <testsuite name="src/pages/deliveries/tests/Deliveries.test.js" errors="0" failures="0" skipped="0" timestamp="2022-02-28T07:48:18" time="2.356" tests="4">
    <testcase classname="Deliveries &gt; without values on deliveries - should call deliveriesEffect when useEffect has been called and when deliveries list is not empty" name="Deliveries &gt; without values on deliveries - should call deliveriesEffect when useEffect has been called and when deliveries list is not empty" time="0.014">
    </testcase>
    <testcase classname="Deliveries &gt; With value on deliveries - should render the component with the right props" name="Deliveries &gt; With value on deliveries - should render the component with the right props" time="0.002">
    </testcase>
    <testcase classname="Deliveries &gt; With value on deliveries - should not call deliveriesEffect when useEffect has been called and when deliveries list is empty" name="Deliveries &gt; With value on deliveries - should not call deliveriesEffect when useEffect has been called and when deliveries list is empty" time="0.002">
    </testcase>
    <testcase classname="Deliveries &gt; With value on deliveries - should select the correct values from the store" name="Deliveries &gt; With value on deliveries - should select the correct values from the store" time="0.004">
    </testcase>
  </testsuite>
  <testsuite name="src/pages/deliveries/tests/DeliveriesView.test.js" errors="0" failures="0" skipped="0" timestamp="2022-02-28T07:48:18" time="2.256" tests="2">
    <testcase classname="DeliveriesView - should render the component with the right props when idActive is empty" name="DeliveriesView - should render the component with the right props when idActive is empty" time="0.01">
    </testcase>
    <testcase classname="DeliveriesView - should render the component with the right props when idActive is equal delivery id" name="DeliveriesView - should render the component with the right props when idActive is equal delivery id" time="0.003">
    </testcase>
  </testsuite>
  <testsuite name="src/App.test.js" errors="0" failures="0" skipped="0" timestamp="2022-02-28T07:48:18" time="2.969" tests="1">
    <testcase classname="App - should render the component with the right props" name="App - should render the component with the right props" time="0.008">
    </testcase>
  </testsuite>
  <testsuite name="src/routes/AppRouter.test.js" errors="0" failures="0" skipped="0" timestamp="2022-02-28T07:48:18" time="3.005" tests="2">
    <testcase classname="AppRouter - should render the right props" name="AppRouter - should render the right props" time="0.006">
    </testcase>
    <testcase classname="AppRouter - should render the right routes" name="AppRouter - should render the right routes" time="0.02">
    </testcase>
  </testsuite>
  <testsuite name="src/pages/delivery/tests/Delivery.test.js" errors="0" failures="0" skipped="0" timestamp="2022-02-28T07:48:18" time="3.165" tests="6">
    <testcase classname="Delivery - should render the view with the right props" name="Delivery - should render the view with the right props" time="0.006">
    </testcase>
    <testcase classname="Delivery - should call deliveryEffect when call handleActive function" name="Delivery - should call deliveryEffect when call handleActive function" time="0.002">
    </testcase>
    <testcase classname="Delivery - should call alert when call updateDelivery function and coords are undefined" name="Delivery - should call alert when call updateDelivery function and coords are undefined" time="0.001">
    </testcase>
    <testcase classname="Delivery - should call putDeliveryEffect and setActive when call updateDelivery function and coords are defined" name="Delivery - should call putDeliveryEffect and setActive when call updateDelivery function and coords are defined" time="0.001">
    </testcase>
    <testcase classname="Delivery - should call putDeliveryEffect and setActive when call updateDelivery function and coords are defined" name="Delivery - should call putDeliveryEffect and setActive when call updateDelivery function and coords are defined" time="0.015">
    </testcase>
    <testcase classname="Delivery - should select the correct values from the store" name="Delivery - should select the correct values from the store" time="0.002">
    </testcase>
  </testsuite>
</testsuites>